============================= test session starts ==============================
platform darwin -- Python 3.12.7, pytest-8.2.0, pluggy-1.6.0 -- /opt/anaconda3/bin/python
cachedir: .pytest_cache
rootdir: /Users/haiannguyen/Desktop/Day24-Track02-Lab-Assignment/medviet-governance
plugins: anyio-4.12.1, langsmith-0.9.3, hydra-core-1.3.3, Faker-37.12.0
collecting ... collected 6 items

tests/test_pii.py::TestPIIDetection::test_cccd_detected PASSED           [ 16%]
tests/test_pii.py::TestPIIDetection::test_phone_detected PASSED          [ 33%]
tests/test_pii.py::TestPIIDetection::test_email_detected PASSED          [ 50%]
tests/test_pii.py::TestPIIDetection::test_detection_rate_above_95_percent PASSED [ 66%]
tests/test_pii.py::TestAnonymization::test_pii_not_in_output PASSED      [ 83%]
tests/test_pii.py::TestAnonymization::test_non_pii_columns_unchanged PASSED [100%]

=============================== warnings summary ===============================
../../../../../opt/anaconda3/lib/python3.12/site-packages/spacy/cli/_util.py:23
  /opt/anaconda3/lib/python3.12/site-packages/spacy/cli/_util.py:23: DeprecationWarning: Importing 'parser.split_arg_string' is deprecated, it will only be available in 'shell_completion' in Click 9.0.
    from click.parser import split_arg_string

../../../../../opt/anaconda3/lib/python3.12/site-packages/weasel/util/config.py:8
  /opt/anaconda3/lib/python3.12/site-packages/weasel/util/config.py:8: DeprecationWarning: Importing 'parser.split_arg_string' is deprecated, it will only be available in 'shell_completion' in Click 9.0.
    from click.parser import split_arg_string

-- Docs: https://docs.pytest.org/en/stable/how-to/capture-warnings.html
======================== 6 passed, 2 warnings in 13.15s ========================
